<?xml version="1.0" encoding="UTF-8"?>
<testng-results skipped="0" failed="0" total="1" passed="1">
  <reporter-output>
  </reporter-output>
  <suite name="Default suite" duration-ms="19807" started-at="2018-08-09T11:03:44Z" finished-at="2018-08-09T11:04:04Z">
    <groups>
    </groups>
    <test name="Default test" duration-ms="19807" started-at="2018-08-09T11:03:44Z" finished-at="2018-08-09T11:04:04Z">
      <class name="Zephyr.Login">
        <test-method status="PASS" signature="login()[pri:0, instance:Zephyr.Login@7dc7cbad]" name="login" duration-ms="19769" started-at="2018-08-09T16:33:44Z" finished-at="2018-08-09T16:34:04Z">
          <reporter-output>
          </reporter-output>
        </test-method> <!-- login -->
      </class> <!-- Zephyr.Login -->
    </test> <!-- Default test -->
  </suite> <!-- Default suite -->
</testng-results>
