<?xml version="1.0" encoding="UTF-8"?>
<testng-results skipped="0" failed="0" total="1" passed="1">
  <reporter-output>
  </reporter-output>
  <suite name="Default suite" duration-ms="34105" started-at="2018-08-07T05:28:48Z" finished-at="2018-08-07T05:29:22Z">
    <groups>
    </groups>
    <test name="Default test" duration-ms="34105" started-at="2018-08-07T05:28:48Z" finished-at="2018-08-07T05:29:22Z">
      <class name="Zephyr.Login">
        <test-method status="PASS" signature="login()[pri:0, instance:Zephyr.Login@7dc7cbad]" name="login" duration-ms="33897" started-at="2018-08-07T10:58:48Z" finished-at="2018-08-07T10:59:22Z">
          <reporter-output>
          </reporter-output>
        </test-method> <!-- login -->
      </class> <!-- Zephyr.Login -->
    </test> <!-- Default test -->
  </suite> <!-- Default suite -->
</testng-results>
